DEB [20200214-11:36:30.283] thr=1   paramiko.transport: starting thread (client mode): 0xe7e91940
DEB [20200214-11:36:30.283] thr=1   paramiko.transport: Local version/idstring: SSH-2.0-paramiko_2.7.1
DEB [20200214-11:36:30.284] thr=1   paramiko.transport: Remote version/idstring: SSH-2.0-SFTPGo_0.9.5-dev
INF [20200214-11:36:30.284] thr=1   paramiko.transport: Connected (version 2.0, client SFTPGo_0.9.5-dev)
DEB [20200214-11:36:30.284] thr=1   paramiko.transport: kex algos:['curve25519-sha256@libssh.org', 'ecdh-sha2-nistp256', 'ecdh-sha2-nistp384', 'ecdh-sha2-nistp521', 'diffie-hellman-group14-sha1'] server key:['ssh-rsa'] client encrypt:['aes128-gcm@openssh.com', 'chacha20-poly1305@openssh.com', 'aes128-ctr', 'aes192-ctr', 'aes256-ctr'] server encrypt:['aes128-gcm@openssh.com', 'chacha20-poly1305@openssh.com', 'aes128-ctr', 'aes192-ctr', 'aes256-ctr'] client mac:['hmac-sha2-256-etm@openssh.com', 'hmac-sha2-256', 'hmac-sha1', 'hmac-sha1-96'] server mac:['hmac-sha2-256-etm@openssh.com', 'hmac-sha2-256', 'hmac-sha1', 'hmac-sha1-96'] client compress:['none'] server compress:['none'] client lang:[''] server lang:[''] kex follows?False
DEB [20200214-11:36:30.284] thr=1   paramiko.transport: Kex agreed: curve25519-sha256@libssh.org
DEB [20200214-11:36:30.284] thr=1   paramiko.transport: HostKey agreed: ssh-rsa
DEB [20200214-11:36:30.284] thr=1   paramiko.transport: Cipher agreed: aes128-ctr
DEB [20200214-11:36:30.284] thr=1   paramiko.transport: MAC agreed: hmac-sha2-256
DEB [20200214-11:36:30.284] thr=1   paramiko.transport: Compression agreed: none
DEB [20200214-11:36:30.300] thr=1   paramiko.transport: kex engine KexCurve25519 specified hash_algo <built-in function openssl_sha256>
DEB [20200214-11:36:30.301] thr=1   paramiko.transport: Switch to new keys ...
DEB [20200214-11:36:30.301] thr=2   paramiko.transport: Attempting password auth...
DEB [20200214-11:36:30.302] thr=1   paramiko.transport: userauth is OK
INF [20200214-11:36:30.412] thr=1   paramiko.transport: Authentication (password) successful!
DEB [20200214-11:36:30.413] thr=2   paramiko.transport: [chan 0] Max packet in: 32768 bytes
DEB [20200214-11:36:30.718] thr=1   paramiko.transport: [chan 0] Max packet out: 32768 bytes
DEB [20200214-11:36:30.718] thr=1   paramiko.transport: Secsh channel 0 opened.
DEB [20200214-11:36:30.719] thr=1   paramiko.transport: [chan 0] Sesch channel 0 request ok
INF [20200214-11:36:30.722] thr=2   paramiko.transport.sftp: [chan 0] Opened sftp connection (server version 3)
DEB [20200214-11:36:30.722] thr=2   paramiko.transport.sftp: [chan 0] open(b'/user1/Dockerfile', 'wb')
DEB [20200214-11:36:30.825] thr=2   paramiko.transport.sftp: [chan 0] open(b'/user1/Dockerfile', 'wb') -> 31
DEB [20200214-11:36:30.825] thr=2   paramiko.transport.sftp: [chan 0] close(31)
DEB [20200214-11:36:30.918] thr=2   paramiko.transport.sftp: [chan 0] stat(b'/user1/Dockerfile')
INF [20200214-11:36:30.997] thr=2   paramiko.transport.sftp: [chan 0] sftp session closed.
DEB [20200214-11:36:30.997] thr=2   paramiko.transport: [chan 0] EOF sent (0)
